
	            G L O B A L   R E F E R E N C E S

	             Name               Value        Type
	==============================|=======|===============
	WRITE                            FFFE         CONSTANT
	INITIAL_SP                       FDFF         CONSTANT
	CURSOR                           FFFC         CONSTANT
	CURSOR_INIT                      FFFF         CONSTANT
	FIM_TEXTO                        0040         CONSTANT
	LINHA_NAVE                       0015         CONSTANT
	EMPTY                            0020         CONSTANT
	NAVE_CHAR                        005F         CONSTANT
	NAVE_TAM                         0007         CONSTANT
	linha0                           8000           STRING
	linha1                           8051           STRING
	linha2                           80A2           STRING
	linha3                           80F3           STRING
	linha4                           8144           STRING
	linha5                           8195           STRING
	linha6                           81E6           STRING
	linha7                           8237           STRING
	linha8                           8288           STRING
	linha9                           82D9           STRING
	linha10                          832A           STRING
	linha11                          837B           STRING
	linha12                          83CC           STRING
	linha13                          841D           STRING
	linha14                          846E           STRING
	linha15                          84BF           STRING
	linha16                          8510           STRING
	linha17                          8561           STRING
	linha18                          85B2           STRING
	linha19                          8603           STRING
	linha20                          8654           STRING
	linha21                          86A5           STRING
	linha22                          86F6           STRING
	linha23                          8747           STRING
	linha                            8798         VARIABLE
	coluna                           8799         VARIABLE
	nave_pos                         879A         VARIABLE
	INT0                             FE00         VARIABLE
	INT1                             FE01         VARIABLE
	Rotina                           0002            LABEL
	MovDir                           0009            LABEL
	terminadir                       0020            LABEL
	MovEsq                           0024            LABEL
	terminaesq                       003D            LABEL
	printchar                        0041            LABEL
	printf                           004E            LABEL
	Ciclo                            0056            LABEL
	endprintf                        0069            LABEL
	printmapa                        0070            LABEL
	Ciclo1                           007A            LABEL
	Endciclo1                        0088            LABEL
	Main                             008D            LABEL
	Cycle                            009D            LABEL
	Halt                             009E            LABEL
